<?xml version="1.0" encoding="UTF-8"?>
<!-- Generated by org.testng.reporters.JUnitXMLReporter -->
<testsuite hostname="DVCINH6097848" ignored="0" name="Default test" tests="16" failures="0" timestamp="2020-08-24T14:34:23 IST" time="0.14" errors="0">
  <testcase name="carloan1" time="0.015" classname="testng.test2"/>
  <testcase name="carloan2" time="0.002" classname="testng.test2"/>
  <testcase name="carloan3" time="0.002" classname="testng.test2"/>
  <testcase name="homeloan1" time="0.002" classname="testng.test1"/>
  <testcase name="homeloan2" time="0.002" classname="testng.test1"/>
  <testcase name="homeloan3" time="0.002" classname="testng.test1"/>
  <testcase name="propertyloan1" time="0.001" classname="testng.test4"/>
  <testcase name="propertyloan2" time="0.002" classname="testng.test4"/>
  <testcase name="propertyloan3" time="0.002" classname="testng.test4"/>
  <testcase name="personalloan1" time="0.001" classname="testng.test3"/>
  <testcase name="personalloan2" time="0.002" classname="testng.test3"/>
  <testcase name="personalloan3" time="0.002" classname="testng.test3"/>
  <testcase name="faltuloan1" time="0.002" classname="testng2.test5"/>
  <testcase name="faltuloan2" time="0.001" classname="testng2.test5"/>
  <testcase name="faltuloan3" time="0.002" classname="testng2.test5"/>
  <testcase name="notest" time="0.001" classname="testng2.test6"/>
</testsuite> <!-- Default test -->
