<?xml version="1.0" encoding="UTF-8"?>
<!-- Generated by org.testng.reporters.JUnitXMLReporter -->
<testsuite hostname="DVCINH6097848" ignored="9" name="Regression" tests="2" failures="0" timestamp="2020-08-29T23:27:37 IST" time="0.07" errors="0">
  <testcase name="carloan3" time="0.011" classname="testng.test2"/>
  <testcase name="propertyloan3" time="0.001" classname="testng.test4"/>
  <testcase name="homeloan3" time="0.0" classname="testng.test1">
    <ignored/>
  </testcase> <!-- homeloan3 -->
  <testcase name="carloan1" time="0.0" classname="testng.test2">
    <ignored/>
  </testcase> <!-- carloan1 -->
  <testcase name="homeloan1" time="0.0" classname="testng.test1">
    <ignored/>
  </testcase> <!-- homeloan1 -->
  <testcase name="personalloan1" time="0.0" classname="testng.test3">
    <ignored/>
  </testcase> <!-- personalloan1 -->
  <testcase name="carloan2" time="0.0" classname="testng.test2">
    <ignored/>
  </testcase> <!-- carloan2 -->
  <testcase name="personalloan2" time="0.0" classname="testng.test3">
    <ignored/>
  </testcase> <!-- personalloan2 -->
  <testcase name="personalloan3" time="0.0" classname="testng.test3">
    <ignored/>
  </testcase> <!-- personalloan3 -->
  <testcase name="propertyloan1" time="0.0" classname="testng.test4">
    <ignored/>
  </testcase> <!-- propertyloan1 -->
  <testcase name="homeloan2" time="0.0" classname="testng.test1">
    <ignored/>
  </testcase> <!-- homeloan2 -->
</testsuite> <!-- Regression -->
